[14/Mar/2019 16:19:25] "GET /e/ipeaiyeo HTTP/1.1" 301 0
[14/Mar/2019 16:19:25] "GET /e/ipeaiyeo/ HTTP/1.1" 200 5
Performing system checks...

System check identified no issues (0 silenced).

You have 15 unapplied migration(s). Your project may not work properly until you apply the migrations for app(s): admin, auth, contenttypes, sessions.
Run 'python manage.py migrate' to apply them.
March 14, 2019 - 16:19:07
Django version 2.1.7, using settings 'django_project.settings'
Starting development server at http://localhost:10024/
Quit the server with CONTROL-C.
Performing system checks...

System check identified no issues (0 silenced).

You have 15 unapplied migration(s). Your project may not work properly until you apply the migrations for app(s): admin, auth, contenttypes, sessions.
Run 'python manage.py migrate' to apply them.
March 14, 2019 - 16:37:37
Django version 2.1.7, using settings 'django_project.settings'
Starting development server at http://localhost:10024/
Quit the server with CONTROL-C.
Performing system checks...

System check identified no issues (0 silenced).

You have 15 unapplied migration(s). Your project may not work properly until you apply the migrations for app(s): admin, auth, contenttypes, sessions.
Run 'python manage.py migrate' to apply them.
March 14, 2019 - 16:40:21
Django version 2.1.7, using settings 'django_project.settings'
Starting development server at http://localhost:10024/
Quit the server with CONTROL-C.
[14/Mar/2019 16:40:43] "GET /e/ipeaiyeo/ HTTP/1.1" 200 5
[14/Mar/2019 16:40:44] "GET /e/ipeaiyeo/ HTTP/1.1" 200 5
[14/Mar/2019 16:40:45] "GET /e/ipeaiyeo/ HTTP/1.1" 200 5
[14/Mar/2019 16:40:45] "GET /e/ipeaiyeo/ HTTP/1.1" 200 5
[14/Mar/2019 16:40:59] "GET /e/ipeaiyeo/ HTTP/1.1" 200 5
Performing system checks...

System check identified no issues (0 silenced).

You have 15 unapplied migration(s). Your project may not work properly until you apply the migrations for app(s): admin, auth, contenttypes, sessions.
Run 'python manage.py migrate' to apply them.
March 14, 2019 - 16:40:29
Django version 2.1.7, using settings 'django_project.settings'
Starting development server at http://localhost:10024/
Quit the server with CONTROL-C.
Performing system checks...

System check identified no issues (0 silenced).

You have 15 unapplied migration(s). Your project may not work properly until you apply the migrations for app(s): admin, auth, contenttypes, sessions.
Run 'python manage.py migrate' to apply them.
March 14, 2019 - 16:42:14
Django version 2.1.7, using settings 'django_project.settings'
Starting development server at http://localhost:10024/
Quit the server with CONTROL-C.
